<?xml version="1.0" encoding="UTF-8"?>
<testng-results ignored="0" total="1" passed="1" failed="0" skipped="0">
  <reporter-output>
  </reporter-output>
  <suite started-at="2023-01-28T18:57:06 IST" name="Default suite" finished-at="2023-01-28T18:57:22 IST" duration-ms="16315">
    <groups>
    </groups>
    <test started-at="2023-01-28T18:57:06 IST" name="Default test" finished-at="2023-01-28T18:57:22 IST" duration-ms="16315">
      <class name="orange.Orange">
        <test-method signature="login()[pri:0, instance:orange.Orange@121314f7]" started-at="2023-01-28T18:57:06 IST" name="login" finished-at="2023-01-28T18:57:22 IST" duration-ms="16272" status="PASS">
          <reporter-output>
          </reporter-output>
        </test-method> <!-- login -->
      </class> <!-- orange.Orange -->
    </test> <!-- Default test -->
  </suite> <!-- Default suite -->
</testng-results>
