<?xml version="1.0" encoding="UTF-8"?>
<testng-results ignored="0" total="1" passed="1" failed="0" skipped="0">
  <reporter-output>
  </reporter-output>
  <suite started-at="2022-12-23T19:12:57 IST" name="Default suite" finished-at="2022-12-23T19:13:05 IST" duration-ms="8279">
    <groups>
    </groups>
    <test started-at="2022-12-23T19:12:57 IST" name="Default test" finished-at="2022-12-23T19:13:05 IST" duration-ms="8279">
      <class name="com.inetBanking.testcases.TC_LoginTest_001">
        <test-method is-config="true" signature="setup()[pri:0, instance:com.inetBanking.testcases.TC_LoginTest_001@7526515b]" started-at="2022-12-23T19:12:57 IST" name="setup" finished-at="2022-12-23T19:13:03 IST" duration-ms="5569" status="PASS">
          <reporter-output>
          </reporter-output>
        </test-method> <!-- setup -->
        <test-method signature="loginTest()[pri:0, instance:com.inetBanking.testcases.TC_LoginTest_001@7526515b]" started-at="2022-12-23T19:13:03 IST" name="loginTest" finished-at="2022-12-23T19:13:05 IST" duration-ms="2443" status="PASS">
          <reporter-output>
          </reporter-output>
        </test-method> <!-- loginTest -->
        <test-method is-config="true" signature="tearDown()[pri:0, instance:com.inetBanking.testcases.TC_LoginTest_001@7526515b]" started-at="2022-12-23T19:13:05 IST" name="tearDown" finished-at="2022-12-23T19:13:05 IST" duration-ms="230" status="PASS">
          <reporter-output>
          </reporter-output>
        </test-method> <!-- tearDown -->
      </class> <!-- com.inetBanking.testcases.TC_LoginTest_001 -->
    </test> <!-- Default test -->
  </suite> <!-- Default suite -->
</testng-results>
