<?xml version="1.0" encoding="UTF-8"?>
<testng-results ignored="0" total="1" passed="1" failed="0" skipped="0">
  <reporter-output>
  </reporter-output>
  <suite started-at="2022-12-02T21:45:11 IST" name="Default suite" finished-at="2022-12-02T21:45:11 IST" duration-ms="68">
    <groups>
    </groups>
    <test started-at="2022-12-02T21:45:11 IST" name="Default test" finished-at="2022-12-02T21:45:11 IST" duration-ms="68">
      <class name="check_setup.SEtup">
        <test-method signature="MyProgramisRuningornot()[pri:0, instance:check_setup.SEtup@4b8ee4de]" started-at="2022-12-02T21:45:11 IST" name="MyProgramisRuningornot" finished-at="2022-12-02T21:45:11 IST" duration-ms="11" status="PASS">
          <reporter-output>
          </reporter-output>
        </test-method> <!-- MyProgramisRuningornot -->
      </class> <!-- check_setup.SEtup -->
    </test> <!-- Default test -->
  </suite> <!-- Default suite -->
</testng-results>
