<?xml version="1.0" encoding="UTF-8"?>
<testng-results ignored="0" total="2" passed="2" failed="0" skipped="0">
  <reporter-output>
  </reporter-output>
  <suite started-at="2022-12-11T18:53:24 IST" name="Suite" finished-at="2022-12-11T18:53:37 IST" duration-ms="12908">
    <groups>
    </groups>
    <test started-at="2022-12-11T18:53:24 IST" name="Test" finished-at="2022-12-11T18:53:37 IST" duration-ms="12908">
      <class name="DataDrivenTesting.DataPrividerWithExcel2">
        <test-method is-config="true" signature="setup()[pri:0, instance:DataDrivenTesting.DataPrividerWithExcel2@d5b810e]" started-at="2022-12-11T18:53:25 IST" name="setup" finished-at="2022-12-11T18:53:29 IST" duration-ms="3422" status="PASS">
          <reporter-output>
          </reporter-output>
        </test-method> <!-- setup -->
        <test-method signature="searchKeyWord(java.lang.String)[pri:0, instance:DataDrivenTesting.DataPrividerWithExcel2@d5b810e]" started-at="2022-12-11T18:53:29 IST" name="searchKeyWord" data-provider="GoogleDP" finished-at="2022-12-11T18:53:32 IST" duration-ms="2992" status="PASS">
          <params>
            <param index="0">
              <value>
                <![CDATA[Taj Mahal]]>
              </value>
            </param>
          </params>
          <reporter-output>
          </reporter-output>
        </test-method> <!-- searchKeyWord -->
        <test-method is-config="true" signature="tearDown()[pri:0, instance:DataDrivenTesting.DataPrividerWithExcel2@d5b810e]" started-at="2022-12-11T18:53:32 IST" name="tearDown" finished-at="2022-12-11T18:53:32 IST" duration-ms="184" status="PASS">
          <reporter-output>
          </reporter-output>
        </test-method> <!-- tearDown -->
        <test-method is-config="true" signature="setup()[pri:0, instance:DataDrivenTesting.DataPrividerWithExcel2@d5b810e]" started-at="2022-12-11T18:53:32 IST" name="setup" finished-at="2022-12-11T18:53:34 IST" duration-ms="2260" status="PASS">
          <reporter-output>
          </reporter-output>
        </test-method> <!-- setup -->
        <test-method signature="searchKeyWord(java.lang.String)[pri:0, instance:DataDrivenTesting.DataPrividerWithExcel2@d5b810e]" started-at="2022-12-11T18:53:34 IST" name="searchKeyWord" data-provider="GoogleDP" finished-at="2022-12-11T18:53:37 IST" duration-ms="2584" status="PASS">
          <params>
            <param index="0">
              <value>
                <![CDATA[India gate]]>
              </value>
            </param>
          </params>
          <reporter-output>
          </reporter-output>
        </test-method> <!-- searchKeyWord -->
        <test-method is-config="true" signature="tearDown()[pri:0, instance:DataDrivenTesting.DataPrividerWithExcel2@d5b810e]" started-at="2022-12-11T18:53:37 IST" name="tearDown" finished-at="2022-12-11T18:53:37 IST" duration-ms="186" status="PASS">
          <reporter-output>
          </reporter-output>
        </test-method> <!-- tearDown -->
      </class> <!-- DataDrivenTesting.DataPrividerWithExcel2 -->
    </test> <!-- Test -->
  </suite> <!-- Suite -->
</testng-results>
