<?xml version="1.0" encoding="UTF-8"?>
<testng-results ignored="0" total="2" passed="2" failed="0" skipped="0">
  <reporter-output>
  </reporter-output>
  <suite started-at="2022-12-25T12:38:19 IST" name="Default suite" finished-at="2022-12-25T12:38:43 IST" duration-ms="23694">
    <groups>
    </groups>
    <test started-at="2022-12-25T12:38:19 IST" name="Default test" finished-at="2022-12-25T12:38:43 IST" duration-ms="23694">
      <class name="TestCases.TC_001">
        <test-method is-config="true" signature="setup()[pri:0, instance:TestCases.TC_001@6892b3b6]" started-at="2022-12-25T12:38:19 IST" name="setup" finished-at="2022-12-25T12:38:24 IST" duration-ms="4239" status="PASS">
          <reporter-output>
          </reporter-output>
        </test-method> <!-- setup -->
        <test-method signature="verifyRegistrationAndLogin()[pri:0, instance:TestCases.TC_001@6892b3b6]" started-at="2022-12-25T12:38:24 IST" name="verifyRegistrationAndLogin" finished-at="2022-12-25T12:38:33 IST" duration-ms="9485" status="PASS">
          <reporter-output>
          </reporter-output>
        </test-method> <!-- verifyRegistrationAndLogin -->
        <test-method signature="VerifyLoginOfRegisteredCustomer()[pri:2, instance:TestCases.TC_001@6892b3b6]" started-at="2022-12-25T12:38:33 IST" name="VerifyLoginOfRegisteredCustomer" finished-at="2022-12-25T12:38:42 IST" duration-ms="9161" status="PASS">
          <reporter-output>
          </reporter-output>
        </test-method> <!-- VerifyLoginOfRegisteredCustomer -->
        <test-method is-config="true" signature="tearDown()[pri:0, instance:TestCases.TC_001@6892b3b6]" started-at="2022-12-25T12:38:42 IST" name="tearDown" finished-at="2022-12-25T12:38:43 IST" duration-ms="762" status="PASS">
          <reporter-output>
          </reporter-output>
        </test-method> <!-- tearDown -->
      </class> <!-- TestCases.TC_001 -->
    </test> <!-- Default test -->
  </suite> <!-- Default suite -->
</testng-results>
