<?xml version="1.0" encoding="UTF-8"?>
<!-- Generated by org.testng.reporters.JUnitXMLReporter -->
<testsuite ignored="4" hostname="DESKTOP-LEU7772" failures="0" tests="2" name="Test" time="0.055" errors="0" timestamp="2022-11-22T21:05:45 IST">
  <testcase classname="enabled_disabled_regular_expression.LoanDepartment" name="MobileLoginPersonalLoan" time="0.009"/>
  <testcase classname="enabled_disabled_regular_expression.LoanDepartment" name="MobileoginAutomobileLoan" time="0.001"/>
  <testcase classname="enabled_disabled_regular_expression.LoanDepartment" name="APILoginPersonalLoan" time="0.0">
    <ignored/>
  </testcase> <!-- APILoginPersonalLoan -->
  <testcase classname="enabled_disabled_regular_expression.LoanDepartment" name="WebeLoginAutomobileLoan" time="0.0">
    <ignored/>
  </testcase> <!-- WebeLoginAutomobileLoan -->
  <testcase classname="enabled_disabled_regular_expression.LoanDepartment" name="WebLoginPersonalLoan" time="0.0">
    <ignored/>
  </testcase> <!-- WebLoginPersonalLoan -->
  <testcase classname="enabled_disabled_regular_expression.LoanDepartment" name="APILoginAutomobileLoan" time="0.0">
    <ignored/>
  </testcase> <!-- APILoginAutomobileLoan -->
</testsuite> <!-- Test -->
