<?xml version="1.0" encoding="UTF-8"?>
<testng-results ignored="0" total="2" passed="2" failed="0" skipped="0">
  <reporter-output>
  </reporter-output>
  <suite started-at="2022-11-13T09:55:13 IST" name="Default suite" finished-at="2022-11-13T09:55:13 IST" duration-ms="45">
    <groups>
    </groups>
    <test started-at="2022-11-13T09:55:13 IST" name="Default test" finished-at="2022-11-13T09:55:13 IST" duration-ms="45">
      <class name="testng.ThirdTest">
        <test-method is-config="true" signature="beforeMethod()[pri:0, instance:testng.ThirdTest@1a18644]" started-at="2022-11-13T09:55:13 IST" name="beforeMethod" finished-at="2022-11-13T09:55:13 IST" duration-ms="8" status="PASS">
          <reporter-output>
          </reporter-output>
        </test-method> <!-- beforeMethod -->
        <test-method signature="test_login()[pri:0, instance:testng.ThirdTest@1a18644]" started-at="2022-11-13T09:55:13 IST" name="test_login" finished-at="2022-11-13T09:55:13 IST" duration-ms="3" status="PASS">
          <reporter-output>
          </reporter-output>
        </test-method> <!-- test_login -->
        <test-method is-config="true" signature="afterMethod()[pri:0, instance:testng.ThirdTest@1a18644]" started-at="2022-11-13T09:55:13 IST" name="afterMethod" finished-at="2022-11-13T09:55:13 IST" duration-ms="0" status="PASS">
          <reporter-output>
          </reporter-output>
        </test-method> <!-- afterMethod -->
        <test-method signature="test_logout()[pri:0, instance:testng.ThirdTest@1a18644]" started-at="2022-11-13T09:55:13 IST" name="test_logout" finished-at="2022-11-13T09:55:13 IST" duration-ms="1" status="PASS">
          <reporter-output>
          </reporter-output>
        </test-method> <!-- test_logout -->
        <test-method is-config="true" signature="beforeMethod()[pri:0, instance:testng.ThirdTest@1a18644]" started-at="2022-11-13T09:55:13 IST" name="beforeMethod" finished-at="2022-11-13T09:55:13 IST" duration-ms="0" status="PASS">
          <reporter-output>
          </reporter-output>
        </test-method> <!-- beforeMethod -->
        <test-method is-config="true" signature="afterMethod()[pri:0, instance:testng.ThirdTest@1a18644]" started-at="2022-11-13T09:55:13 IST" name="afterMethod" finished-at="2022-11-13T09:55:13 IST" duration-ms="0" status="PASS">
          <reporter-output>
          </reporter-output>
        </test-method> <!-- afterMethod -->
      </class> <!-- testng.ThirdTest -->
    </test> <!-- Default test -->
  </suite> <!-- Default suite -->
</testng-results>
