<?xml version="1.0" encoding="UTF-8"?>
<!-- Generated by org.testng.reporters.JUnitXMLReporter -->
<testsuite ignored="0" hostname="DESKTOP-LEU7772" failures="1" tests="3" name="Test" time="33.548" errors="0" timestamp="2022-12-25T11:30:07 IST">
  <testcase classname="TestCases.TC_using_DDT" name="verifyRegistrationAndLogin" time="9.492"/>
  <testcase classname="TestCases.TC_using_DDT" name="VerifyLoginOfRegisteredCustomer" time="9.193"/>
  <testcase classname="TestCases.TC_using_DDT" name="VerifyLoginOfRegisteredCustomer" time="8.995">
    <failure type="java.lang.AssertionError" message="expected [true] but found [false]">
      <![CDATA[java.lang.AssertionError: expected [true] but found [false]
at TestCases.TC_using_DDT.VerifyLoginOfRegisteredCustomer(TC_using_DDT.java:158)
at java.base/java.util.ArrayList.forEach(ArrayList.java:1511)
... Removed 31 stack frames]]>
    </failure>
  </testcase> <!-- VerifyLoginOfRegisteredCustomer -->
</testsuite> <!-- Test -->
